<?xml version="1.0" encoding="UTF-8"?>
<coverage generated="1636190347823" clover="3.2.0">
  <project timestamp="1636190347823" name="All files">
    <metrics statements="23" coveredstatements="12" conditionals="2" coveredconditionals="2" methods="9" coveredmethods="4" elements="34" coveredelements="18" complexity="0" loc="23" ncloc="23" packages="1" files="6" classes="6"/>
    <file name="App.js" path="/Users/prakhyatgailani/Desktop/Assessments/Huel/frontendtask-huel/src/App.js">
      <metrics statements="3" coveredstatements="0" conditionals="0" coveredconditionals="0" methods="1" coveredmethods="0"/>
      <line num="8" count="0" type="stmt"/>
      <line num="9" count="0" type="stmt"/>
      <line num="26" count="0" type="stmt"/>
    </file>
    <file name="Dashboard.js" path="/Users/prakhyatgailani/Desktop/Assessments/Huel/frontendtask-huel/src/Dashboard.js">
      <metrics statements="2" coveredstatements="0" conditionals="0" coveredconditionals="0" methods="1" coveredmethods="0"/>
      <line num="3" count="0" type="stmt"/>
      <line num="4" count="0" type="stmt"/>
    </file>
    <file name="HuelLogo.js" path="/Users/prakhyatgailani/Desktop/Assessments/Huel/frontendtask-huel/src/HuelLogo.js">
      <metrics statements="2" coveredstatements="0" conditionals="0" coveredconditionals="0" methods="1" coveredmethods="0"/>
      <line num="3" count="0" type="stmt"/>
      <line num="4" count="0" type="stmt"/>
    </file>
    <file name="Navigation.js" path="/Users/prakhyatgailani/Desktop/Assessments/Huel/frontendtask-huel/src/Navigation.js">
      <metrics statements="2" coveredstatements="0" conditionals="0" coveredconditionals="0" methods="1" coveredmethods="0"/>
      <line num="5" count="0" type="stmt"/>
      <line num="6" count="0" type="stmt"/>
    </file>
    <file name="OrdersHistory.js" path="/Users/prakhyatgailani/Desktop/Assessments/Huel/frontendtask-huel/src/OrdersHistory.js">
      <metrics statements="12" coveredstatements="12" conditionals="2" coveredconditionals="2" methods="4" coveredmethods="4"/>
      <line num="5" count="1" type="stmt"/>
      <line num="6" count="3" type="stmt"/>
      <line num="8" count="3" type="stmt"/>
      <line num="9" count="2" type="stmt"/>
      <line num="10" count="2" type="stmt"/>
      <line num="13" count="2" type="stmt"/>
      <line num="14" count="1" type="stmt"/>
      <line num="16" count="1" type="stmt"/>
      <line num="34" count="3" type="stmt"/>
      <line num="35" count="2" type="stmt"/>
      <line num="41" count="3" type="stmt"/>
      <line num="46" count="2" type="stmt"/>
    </file>
    <file name="Task.js" path="/Users/prakhyatgailani/Desktop/Assessments/Huel/frontendtask-huel/src/Task.js">
      <metrics statements="2" coveredstatements="0" conditionals="0" coveredconditionals="0" methods="1" coveredmethods="0"/>
      <line num="4" count="0" type="stmt"/>
      <line num="5" count="0" type="stmt"/>
    </file>
  </project>
</coverage>
